<?xml version="1.0" encoding="UTF-8"?>
<!-- Generated by org.testng.reporters.JUnitReportReporter -->
<testsuite hostname="MLBTA-101754" failures="0" tests="2" name="DemoSiteLogin.HandleWindows1" time="41.275" errors="0" timestamp="20 Sep 2019 08:40:02 GMT" skipped="0">
  <testcase classname="DemoSiteLogin.HandleWindows1" name="test1" time="35.779"/>
  <testcase classname="DemoSiteLogin.HandleWindows1" name="test" time="5.496"/>
</testsuite> <!-- DemoSiteLogin.HandleWindows1 -->
