<?xml version="1.0" encoding="UTF-8"?>
<!-- Generated by org.testng.reporters.JUnitReportReporter -->
<testsuite hostname="MLBTA-101754" failures="0" tests="1" name="DemoSiteLogin.DemoSiteLogin" time="4.248" errors="0" timestamp="20 Sep 2019 08:40:02 GMT" skipped="0">
  <testcase classname="DemoSiteLogin.DemoSiteLogin" name="test" time="4.248"/>
</testsuite> <!-- DemoSiteLogin.DemoSiteLogin -->
